<?xml version="1.0" encoding="UTF-8"?>
<robot generator="Robot 4.1.3 (Python 3.10.2 on darwin)" generated="20220309 17:47:36.790" rpa="false" schemaversion="2">
<suite id="s1" name="Test Database" source="/Users/keertikasingh/PycharmProjects/DataBase_Project/TestSuite/Test_Database.robot">
<test id="s1-t1" name="Setting up a Database">
<kw name="Create a Bank Database" library="Keywords_database">
<kw name="Create Databases" library="DatabaseLibrary">
<doc>It creates a new SQLite database</doc>
<status status="PASS" starttime="20220309 17:47:36.807" endtime="20220309 17:47:36.809"/>
</kw>
<status status="PASS" starttime="20220309 17:47:36.807" endtime="20220309 17:47:36.809"/>
</kw>
<tag>bank</tag>
<status status="PASS" starttime="20220309 17:47:36.807" endtime="20220309 17:47:36.809"/>
</test>
<test id="s1-t2" name="Create a Bank Account">
<kw name="Open a Bank Account" library="Keywords_database">
<arg>${Account_no}</arg>
<arg>${Amount}</arg>
<arg>${name}</arg>
<kw name="Create Single Accounts" library="DatabaseLibrary">
<arg>${Account_no}</arg>
<arg>${Amount}</arg>
<arg>${name}</arg>
<doc>It provides the option of creating a new Bank account with specifying the details
of account no, balance and name</doc>
<status status="PASS" starttime="20220309 17:47:36.810" endtime="20220309 17:47:36.811"/>
</kw>
<status status="PASS" starttime="20220309 17:47:36.810" endtime="20220309 17:47:36.811"/>
</kw>
<tag>account</tag>
<status status="PASS" starttime="20220309 17:47:36.809" endtime="20220309 17:47:36.811"/>
</test>
<test id="s1-t3" name="Show Bank Accounts">
<kw name="Show Accounts" library="Keywords_database">
<kw name="Show Database" library="DatabaseLibrary">
<var>${Details}</var>
<doc>It shows the current users inside the database with Bank Details such
as account no, Balance, None</doc>
<msg timestamp="20220309 17:47:36.812" level="INFO">${Details} = [(3201236, 500, 'Kunal')]</msg>
<status status="PASS" starttime="20220309 17:47:36.812" endtime="20220309 17:47:36.812"/>
</kw>
<kw name="Log To Console" library="BuiltIn">
<arg>${Details}</arg>
<doc>Logs the given message to the console.</doc>
<status status="PASS" starttime="20220309 17:47:36.812" endtime="20220309 17:47:36.812"/>
</kw>
<status status="PASS" starttime="20220309 17:47:36.812" endtime="20220309 17:47:36.812"/>
</kw>
<tag>show</tag>
<status status="PASS" starttime="20220309 17:47:36.811" endtime="20220309 17:47:36.812"/>
</test>
<test id="s1-t4" name="Save a Deposit Amount">
<kw name="Update Account After Deposit" library="Keywords_database">
<arg>${Account_no}</arg>
<arg>${Amount}</arg>
<kw name="Update Deposits" library="DatabaseLibrary">
<arg>${Account_no}</arg>
<arg>${Amount}</arg>
<doc>It updates the balance of account holders with the balance after deposit
and checking the account no</doc>
<status status="PASS" starttime="20220309 17:47:36.813" endtime="20220309 17:47:36.814"/>
</kw>
<status status="PASS" starttime="20220309 17:47:36.813" endtime="20220309 17:47:36.814"/>
</kw>
<tag>update</tag>
<status status="PASS" starttime="20220309 17:47:36.813" endtime="20220309 17:47:36.814"/>
</test>
<test id="s1-t5" name="Save a Withdrawal Amount">
<kw name="Update Account After Withdrawl" library="Keywords_database">
<arg>${Account_no}</arg>
<arg>${Amount}</arg>
<kw name="Update Withdrawls" library="DatabaseLibrary">
<arg>${Account_no}</arg>
<arg>${Amount}</arg>
<doc>It updates the balance of Account holders in the database after withdrawl</doc>
<status status="PASS" starttime="20220309 17:47:36.814" endtime="20220309 17:47:36.815"/>
</kw>
<status status="PASS" starttime="20220309 17:47:36.814" endtime="20220309 17:47:36.815"/>
</kw>
<tag>withdraw</tag>
<status status="PASS" starttime="20220309 17:47:36.814" endtime="20220309 17:47:36.815"/>
</test>
<test id="s1-t6" name="Delete an Account from Database">
<kw name="Delete an Account" library="Keywords_database">
<arg>${Account_no}</arg>
<kw name="Delete Accounts" library="DatabaseLibrary">
<arg>${Account_no}</arg>
<doc>It deletes an account from the database</doc>
<status status="PASS" starttime="20220309 17:47:36.816" endtime="20220309 17:47:36.816"/>
</kw>
<status status="PASS" starttime="20220309 17:47:36.816" endtime="20220309 17:47:36.817"/>
</kw>
<tag>del</tag>
<status status="PASS" starttime="20220309 17:47:36.815" endtime="20220309 17:47:36.817"/>
</test>
<test id="s1-t7" name="Deleting a Database">
<kw name="Delete a Bank Database" library="Keywords_database">
<kw name="Delete Databases" library="DatabaseLibrary">
<doc>It deletes the Table from the database</doc>
<status status="PASS" starttime="20220309 17:47:36.817" endtime="20220309 17:47:36.818"/>
</kw>
<status status="PASS" starttime="20220309 17:47:36.817" endtime="20220309 17:47:36.818"/>
</kw>
<tag>delbank</tag>
<status status="PASS" starttime="20220309 17:47:36.817" endtime="20220309 17:47:36.818"/>
</test>
<status status="PASS" starttime="20220309 17:47:36.791" endtime="20220309 17:47:36.822"/>
</suite>
<statistics>
<total>
<stat pass="7" fail="0" skip="0">All Tests</stat>
</total>
<tag>
<stat pass="1" fail="0" skip="0">account</stat>
<stat pass="1" fail="0" skip="0">bank</stat>
<stat pass="1" fail="0" skip="0">del</stat>
<stat pass="1" fail="0" skip="0">delbank</stat>
<stat pass="1" fail="0" skip="0">show</stat>
<stat pass="1" fail="0" skip="0">update</stat>
<stat pass="1" fail="0" skip="0">withdraw</stat>
</tag>
<suite>
<stat pass="7" fail="0" skip="0" id="s1" name="Test Database">Test Database</stat>
</suite>
</statistics>
<errors>
</errors>
</robot>
